<?xml version="1.0" encoding="UTF-8"?>
<!-- Generated by org.testng.reporters.JUnitXMLReporter -->
<testsuite ignored="4" hostname="DESKTOP-RSDMAPU" failures="0" tests="2" name="Test" time="52.39" errors="0" timestamp="2025-07-23T11:45:10 IST">
  <testcase classname="testingframework.TestNG_Groups" name="facebook" time="5.405"/>
  <testcase classname="testingframework.TestNG_Groups" name="twitter" time="10.425"/>
  <testcase classname="testingframework.TestNG_Groups" name="google" time="0.0">
    <ignored/>
  </testcase> <!-- google -->
  <testcase classname="testingframework.TestNG_Groups" name="selenium" time="0.0">
    <ignored/>
  </testcase> <!-- selenium -->
  <testcase classname="testingframework.TestNG_Groups" name="Zomato" time="0.0">
    <ignored/>
  </testcase> <!-- Zomato -->
  <testcase classname="testingframework.TestNG_Groups" name="swiggy" time="0.0">
    <ignored/>
  </testcase> <!-- swiggy -->
</testsuite> <!-- Test -->
