<?xml version="1.0" encoding="UTF-8"?>
<!-- Generated by org.testng.reporters.JUnitXMLReporter -->
<testsuite ignored="4" hostname="DESKTOP-RSDMAPU" failures="0" tests="2" name="TestNGXML" time="20.488" errors="0" timestamp="2025-07-22T15:51:51 IST">
  <testcase classname="testingframework.TestNG_XML_File" name="Zomato" time="2.232"/>
  <testcase classname="testingframework.TestNG_XML_File" name="swiggy" time="11.48"/>
  <testcase classname="testingframework.TestNG_XML_File" name="twitter" time="0.0">
    <ignored/>
  </testcase> <!-- twitter -->
  <testcase classname="testingframework.TestNG_XML_File" name="facebook" time="0.0">
    <ignored/>
  </testcase> <!-- facebook -->
  <testcase classname="testingframework.TestNG_XML_File" name="google" time="0.0">
    <ignored/>
  </testcase> <!-- google -->
  <testcase classname="testingframework.TestNG_XML_File" name="selenium" time="0.0">
    <ignored/>
  </testcase> <!-- selenium -->
</testsuite> <!-- TestNGXML -->
