<?xml version="1.0" encoding="UTF-8"?>
<testng-results ignored="0" total="1" passed="1" failed="0" skipped="0">
  <reporter-output>
  </reporter-output>
  <suite started-at="2025-08-11T15:01:56 IST" name="Default suite" finished-at="2025-08-11T15:04:42 IST" duration-ms="166259">
    <groups>
    </groups>
    <test started-at="2025-08-11T15:01:56 IST" name="Default test" finished-at="2025-08-11T15:04:42 IST" duration-ms="166259">
      <class name="datadrivenframework.Data_Driven">
        <test-method is-config="true" signature="beforeTest()[pri:0, instance:datadrivenframework.Data_Driven@1c1bbc4e]" started-at="2025-08-11T15:01:56 IST" name="beforeTest" finished-at="2025-08-11T15:02:04 IST" duration-ms="8737" status="PASS">
          <reporter-output>
          </reporter-output>
        </test-method> <!-- beforeTest -->
        <test-method signature="login()[pri:0, instance:datadrivenframework.Data_Driven@1c1bbc4e]" started-at="2025-08-11T15:02:05 IST" name="login" finished-at="2025-08-11T15:04:42 IST" duration-ms="157368" status="PASS">
          <reporter-output>
          </reporter-output>
        </test-method> <!-- login -->
      </class> <!-- datadrivenframework.Data_Driven -->
    </test> <!-- Default test -->
  </suite> <!-- Default suite -->
</testng-results>
